[debug] [2023-03-08T05:45:23.331Z] ----------------------------------------------------------------------
[debug] [2023-03-08T05:45:23.331Z] Command:       /usr/local/bin/node /usr/local/bin/firebase deploy --only functions
[debug] [2023-03-08T05:45:23.332Z] CLI Version:   11.23.1
[debug] [2023-03-08T05:45:23.332Z] Platform:      darwin
[debug] [2023-03-08T05:45:23.332Z] Node Version:  v18.14.0
[debug] [2023-03-08T05:45:23.332Z] Time:          Wed Mar 08 2023 06:45:23 GMT+0100 (West Africa Standard Time)
[debug] [2023-03-08T05:45:23.333Z] ----------------------------------------------------------------------
[debug] 
[debug] [2023-03-08T05:45:23.334Z] >>> [apiv2][query] GET https://firebase-public.firebaseio.com/cli.json [none]
[debug] [2023-03-08T05:45:23.385Z] > command requires scopes: ["email","openid","https://www.googleapis.com/auth/cloudplatformprojects.readonly","https://www.googleapis.com/auth/firebase","https://www.googleapis.com/auth/cloud-platform"]
[debug] [2023-03-08T05:45:23.386Z] > authorizing via signed-in user (d.bakare@mosaiqlabs.com)
[debug] [2023-03-08T05:45:23.386Z] [iam] checking project pdftron-proxy-server for permissions ["cloudfunctions.functions.create","cloudfunctions.functions.delete","cloudfunctions.functions.get","cloudfunctions.functions.list","cloudfunctions.functions.update","cloudfunctions.operations.get","firebase.projects.get"]
[debug] [2023-03-08T05:45:23.386Z] > refreshing access token with scopes: []
[debug] [2023-03-08T05:45:23.387Z] >>> [apiv2][query] POST https://www.googleapis.com/oauth2/v3/token [none]
[debug] [2023-03-08T05:45:23.387Z] >>> [apiv2][body] POST https://www.googleapis.com/oauth2/v3/token [omitted]
[debug] [2023-03-08T05:45:23.778Z] <<< [apiv2][status] POST https://www.googleapis.com/oauth2/v3/token 200
[debug] [2023-03-08T05:45:23.778Z] <<< [apiv2][body] POST https://www.googleapis.com/oauth2/v3/token [omitted]
[debug] [2023-03-08T05:45:23.824Z] >>> [apiv2][query] POST https://cloudresourcemanager.googleapis.com/v1/projects/pdftron-proxy-server:testIamPermissions [none]
[debug] [2023-03-08T05:45:23.825Z] >>> [apiv2][(partial)header] POST https://cloudresourcemanager.googleapis.com/v1/projects/pdftron-proxy-server:testIamPermissions x-goog-quota-user=projects/pdftron-proxy-server
[debug] [2023-03-08T05:45:23.825Z] >>> [apiv2][body] POST https://cloudresourcemanager.googleapis.com/v1/projects/pdftron-proxy-server:testIamPermissions {"permissions":["cloudfunctions.functions.create","cloudfunctions.functions.delete","cloudfunctions.functions.get","cloudfunctions.functions.list","cloudfunctions.functions.update","cloudfunctions.operations.get","firebase.projects.get"]}
[debug] [2023-03-08T05:45:23.991Z] <<< [apiv2][status] GET https://firebase-public.firebaseio.com/cli.json 200
[debug] [2023-03-08T05:45:23.991Z] <<< [apiv2][body] GET https://firebase-public.firebaseio.com/cli.json {"cloudBuildErrorAfter":1594252800000,"cloudBuildWarnAfter":1590019200000,"defaultNode10After":1594252800000,"minVersion":"3.0.5","node8DeploysDisabledAfter":1613390400000,"node8RuntimeDisabledAfter":1615809600000,"node8WarnAfter":1600128000000}
[debug] [2023-03-08T05:45:25.361Z] <<< [apiv2][status] POST https://cloudresourcemanager.googleapis.com/v1/projects/pdftron-proxy-server:testIamPermissions 200
[debug] [2023-03-08T05:45:25.361Z] <<< [apiv2][body] POST https://cloudresourcemanager.googleapis.com/v1/projects/pdftron-proxy-server:testIamPermissions {"permissions":["cloudfunctions.functions.create","cloudfunctions.functions.delete","cloudfunctions.functions.get","cloudfunctions.functions.list","cloudfunctions.functions.update","cloudfunctions.operations.get","firebase.projects.get"]}
[debug] [2023-03-08T05:45:25.362Z] >>> [apiv2][query] POST https://iam.googleapis.com/v1/projects/pdftron-proxy-server/serviceAccounts/pdftron-proxy-server@appspot.gserviceaccount.com:testIamPermissions [none]
[debug] [2023-03-08T05:45:25.362Z] >>> [apiv2][body] POST https://iam.googleapis.com/v1/projects/pdftron-proxy-server/serviceAccounts/pdftron-proxy-server@appspot.gserviceaccount.com:testIamPermissions {"permissions":["iam.serviceAccounts.actAs"]}
[debug] [2023-03-08T05:45:26.715Z] <<< [apiv2][status] POST https://iam.googleapis.com/v1/projects/pdftron-proxy-server/serviceAccounts/pdftron-proxy-server@appspot.gserviceaccount.com:testIamPermissions 200
[debug] [2023-03-08T05:45:26.716Z] <<< [apiv2][body] POST https://iam.googleapis.com/v1/projects/pdftron-proxy-server/serviceAccounts/pdftron-proxy-server@appspot.gserviceaccount.com:testIamPermissions {"permissions":["iam.serviceAccounts.actAs"]}
[info] 
[info] === Deploying to 'pdftron-proxy-server'...
[info] 
[info] i  deploying functions 
[debug] [2023-03-08T05:45:26.720Z] >>> [apiv2][query] GET https://firebase.googleapis.com/v1beta1/projects/pdftron-proxy-server [none]
[debug] [2023-03-08T05:45:27.306Z] <<< [apiv2][status] GET https://firebase.googleapis.com/v1beta1/projects/pdftron-proxy-server 200
[debug] [2023-03-08T05:45:27.306Z] <<< [apiv2][body] GET https://firebase.googleapis.com/v1beta1/projects/pdftron-proxy-server {"projectId":"pdftron-proxy-server","projectNumber":"90180485857","displayName":"pdftron-proxy-server","name":"projects/pdftron-proxy-server","resources":{"hostingSite":"pdftron-proxy-server"},"state":"ACTIVE","etag":"1_f952d463-b839-43b9-a966-1c36396ec5f6"}
[info] i  functions: preparing codebase default for deployment 
[info] i  functions: ensuring required API cloudfunctions.googleapis.com is enabled... 
[info] i  functions: ensuring required API cloudbuild.googleapis.com is enabled... 
[info] i  artifactregistry: ensuring required API artifactregistry.googleapis.com is enabled... 
[debug] [2023-03-08T05:45:27.308Z] >>> [apiv2][query] GET https://serviceusage.googleapis.com/v1/projects/pdftron-proxy-server/services/cloudfunctions.googleapis.com [none]
[debug] [2023-03-08T05:45:27.309Z] >>> [apiv2][(partial)header] GET https://serviceusage.googleapis.com/v1/projects/pdftron-proxy-server/services/cloudfunctions.googleapis.com x-goog-quota-user=projects/pdftron-proxy-server
[debug] [2023-03-08T05:45:27.310Z] >>> [apiv2][query] GET https://serviceusage.googleapis.com/v1/projects/pdftron-proxy-server/services/runtimeconfig.googleapis.com [none]
[debug] [2023-03-08T05:45:27.310Z] >>> [apiv2][(partial)header] GET https://serviceusage.googleapis.com/v1/projects/pdftron-proxy-server/services/runtimeconfig.googleapis.com x-goog-quota-user=projects/pdftron-proxy-server
[debug] [2023-03-08T05:45:27.312Z] >>> [apiv2][query] GET https://serviceusage.googleapis.com/v1/projects/pdftron-proxy-server/services/cloudbuild.googleapis.com [none]
[debug] [2023-03-08T05:45:27.312Z] >>> [apiv2][(partial)header] GET https://serviceusage.googleapis.com/v1/projects/pdftron-proxy-server/services/cloudbuild.googleapis.com x-goog-quota-user=projects/pdftron-proxy-server
[debug] [2023-03-08T05:45:27.313Z] >>> [apiv2][query] GET https://serviceusage.googleapis.com/v1/projects/pdftron-proxy-server/services/artifactregistry.googleapis.com [none]
[debug] [2023-03-08T05:45:27.313Z] >>> [apiv2][(partial)header] GET https://serviceusage.googleapis.com/v1/projects/pdftron-proxy-server/services/artifactregistry.googleapis.com x-goog-quota-user=projects/pdftron-proxy-server
[debug] [2023-03-08T05:45:28.915Z] <<< [apiv2][status] GET https://serviceusage.googleapis.com/v1/projects/pdftron-proxy-server/services/cloudfunctions.googleapis.com 200
[debug] [2023-03-08T05:45:28.915Z] <<< [apiv2][body] GET https://serviceusage.googleapis.com/v1/projects/pdftron-proxy-server/services/cloudfunctions.googleapis.com [omitted]
[info] ✔  functions: required API cloudfunctions.googleapis.com is enabled 
[debug] [2023-03-08T05:45:28.926Z] <<< [apiv2][status] GET https://serviceusage.googleapis.com/v1/projects/pdftron-proxy-server/services/cloudbuild.googleapis.com 200
[debug] [2023-03-08T05:45:28.926Z] <<< [apiv2][body] GET https://serviceusage.googleapis.com/v1/projects/pdftron-proxy-server/services/cloudbuild.googleapis.com [omitted]
[info] ✔  functions: required API cloudbuild.googleapis.com is enabled 
[debug] [2023-03-08T05:45:28.962Z] <<< [apiv2][status] GET https://serviceusage.googleapis.com/v1/projects/pdftron-proxy-server/services/artifactregistry.googleapis.com 200
[debug] [2023-03-08T05:45:28.963Z] <<< [apiv2][body] GET https://serviceusage.googleapis.com/v1/projects/pdftron-proxy-server/services/artifactregistry.googleapis.com [omitted]
[info] ✔  artifactregistry: required API artifactregistry.googleapis.com is enabled 
[debug] [2023-03-08T05:45:28.963Z] <<< [apiv2][status] GET https://serviceusage.googleapis.com/v1/projects/pdftron-proxy-server/services/runtimeconfig.googleapis.com 200
[debug] [2023-03-08T05:45:28.963Z] <<< [apiv2][body] GET https://serviceusage.googleapis.com/v1/projects/pdftron-proxy-server/services/runtimeconfig.googleapis.com [omitted]
[debug] [2023-03-08T05:45:28.964Z] >>> [apiv2][query] GET https://firebase.googleapis.com/v1beta1/projects/pdftron-proxy-server/adminSdkConfig [none]
[debug] [2023-03-08T05:45:29.527Z] <<< [apiv2][status] GET https://firebase.googleapis.com/v1beta1/projects/pdftron-proxy-server/adminSdkConfig 200
[debug] [2023-03-08T05:45:29.527Z] <<< [apiv2][body] GET https://firebase.googleapis.com/v1beta1/projects/pdftron-proxy-server/adminSdkConfig {"projectId":"pdftron-proxy-server","storageBucket":"pdftron-proxy-server.appspot.com"}
[debug] [2023-03-08T05:45:29.528Z] >>> [apiv2][query] GET https://runtimeconfig.googleapis.com/v1beta1/projects/pdftron-proxy-server/configs [none]
